<?xml version="1.0" encoding="UTF-8"?>
<testng-results skipped="0" failed="0" ignored="0" total="3" passed="3">
  <reporter-output>
  </reporter-output>
  <suite name="Surefire suite" duration-ms="24547" started-at="2020-10-14T17:42:15 EDT" finished-at="2020-10-14T17:42:39 EDT">
    <groups>
    </groups>
    <test name="Surefire test" duration-ms="24547" started-at="2020-10-14T17:42:15 EDT" finished-at="2020-10-14T17:42:39 EDT">
      <class name="TestingOne">
        <test-method status="PASS" signature="driverscript()[pri:0, instance:TestingOne@2d928643]" name="driverscript" is-config="true" duration-ms="8615" started-at="2020-10-14T17:42:15 EDT" finished-at="2020-10-14T17:42:23 EDT">
          <reporter-output>
          </reporter-output>
        </test-method> <!-- driverscript -->
        <test-method status="PASS" signature="TestCase1()[pri:0, instance:TestingOne@2d928643]" name="TestCase1" duration-ms="19" started-at="2020-10-14T17:42:23 EDT" finished-at="2020-10-14T17:42:23 EDT">
          <reporter-output>
          </reporter-output>
        </test-method> <!-- TestCase1 -->
        <test-method status="PASS" signature="closedriver()[pri:0, instance:TestingOne@2d928643]" name="closedriver" is-config="true" duration-ms="887" started-at="2020-10-14T17:42:23 EDT" finished-at="2020-10-14T17:42:24 EDT">
          <reporter-output>
          </reporter-output>
        </test-method> <!-- closedriver -->
        <test-method status="PASS" signature="driverscript()[pri:0, instance:TestingOne@2d928643]" name="driverscript" is-config="true" duration-ms="6709" started-at="2020-10-14T17:42:24 EDT" finished-at="2020-10-14T17:42:31 EDT">
          <reporter-output>
          </reporter-output>
        </test-method> <!-- driverscript -->
        <test-method status="PASS" signature="TestCase2()[pri:0, instance:TestingOne@2d928643]" name="TestCase2" duration-ms="24" started-at="2020-10-14T17:42:31 EDT" finished-at="2020-10-14T17:42:31 EDT">
          <reporter-output>
          </reporter-output>
        </test-method> <!-- TestCase2 -->
        <test-method status="PASS" signature="closedriver()[pri:0, instance:TestingOne@2d928643]" name="closedriver" is-config="true" duration-ms="776" started-at="2020-10-14T17:42:31 EDT" finished-at="2020-10-14T17:42:32 EDT">
          <reporter-output>
          </reporter-output>
        </test-method> <!-- closedriver -->
        <test-method status="PASS" signature="driverscript()[pri:0, instance:TestingOne@2d928643]" name="driverscript" is-config="true" duration-ms="6702" started-at="2020-10-14T17:42:32 EDT" finished-at="2020-10-14T17:42:38 EDT">
          <reporter-output>
          </reporter-output>
        </test-method> <!-- driverscript -->
        <test-method status="PASS" signature="TestCase3()[pri:0, instance:TestingOne@2d928643]" name="TestCase3" duration-ms="10" started-at="2020-10-14T17:42:38 EDT" finished-at="2020-10-14T17:42:38 EDT">
          <reporter-output>
          </reporter-output>
        </test-method> <!-- TestCase3 -->
        <test-method status="PASS" signature="closedriver()[pri:0, instance:TestingOne@2d928643]" name="closedriver" is-config="true" duration-ms="760" started-at="2020-10-14T17:42:38 EDT" finished-at="2020-10-14T17:42:39 EDT">
          <reporter-output>
          </reporter-output>
        </test-method> <!-- closedriver -->
      </class> <!-- TestingOne -->
    </test> <!-- Surefire test -->
  </suite> <!-- Surefire suite -->
</testng-results>
